<?xml version="1.0" encoding="UTF-8"?>
<!-- Generated by org.testng.reporters.JUnitXMLReporter -->
<testsuite hostname="DESKTOP-QFDSF5H" ignored="0" name="Tests" tests="3" failures="1" timestamp="03 Mar 2018 09:32:56 GMT" time="0.094" errors="0">
  <testcase name="ShouldFailedLogin" time="0.0" classname="com.testologic.tests.LoginTests"/>
  <testcase name="shouldLoginSuccessfully" time="0.0" classname="com.testologic.tests.LoginTests"/>
  <testcase name="shouldAddUser" time="0.0" classname="com.testologic.tests.AddUsersTests">
    <failure type="java.lang.AssertionError" message="failed test case">
      <![CDATA[java.lang.AssertionError: failed test case
at com.testologic.tests.AddUsersTests.shouldAddUser(AddUsersTests.java:11)
... Removed 26 stack frames]]>
    </failure>
  </testcase> <!-- shouldAddUser -->
</testsuite> <!-- Tests -->
